<?xml version="1.0" encoding="UTF-8"?>
<!-- Generated by org.testng.reporters.JUnitXMLReporter -->
<testsuite ignored="0" hostname="DESKTOP-FJGHUJB" failures="0" tests="2" name="Surefire test" time="57.886" errors="0" timestamp="09 Oct 2022 21:53:34 GMT">
  <testcase classname="com.May2022.qa.TestCases.AutomationPracticeLoginPageTest" name="AutomationPrcticeLoginPageTest" time="7.919"/>
  <testcase classname="com.May2022.qa.TestCases.AutomationPracticeRegistrationPageTest" name="automationPracticeRegistrationPageTest" time="21.669"/>
</testsuite> <!-- Surefire test -->
