<?xml version="1.0" encoding="UTF-8"?>
<!-- Generated by org.testng.reporters.JUnitXMLReporter -->
<testsuite ignored="0" hostname="DESKTOP-FJGHUJB" failures="0" tests="2" name="Default test" time="54.539" errors="0" timestamp="09 Oct 2022 20:05:44 GMT">
  <testcase classname="com.May2022.qa.TestCases.AutomationPracticeLoginPageTest" name="AutomationPrcticeLoginPageTest" time="7.218"/>
  <testcase classname="com.May2022.qa.TestCases.AutomationPracticeRegistrationPageTest" name="automationPracticeRegistrationPageTest" time="20.463"/>
</testsuite> <!-- Default test -->
