<?xml version="1.0" encoding="UTF-8"?>
<!-- Generated by org.testng.reporters.JUnitXMLReporter -->
<testsuite ignored="0" hostname="DESKTOP-FJGHUJB" failures="0" tests="2" name="Test" time="63.109" errors="0" timestamp="09 Oct 2022 20:12:32 GMT">
  <testcase classname="com.May2022.qa.TestCases.AutomationPracticeRegistrationPageTest" name="automationPracticeRegistrationPageTest" time="19.168"/>
  <testcase classname="com.May2022.qa.TestCases.AutomationPracticeLoginPageTest" name="AutomationPrcticeLoginPageTest" time="6.029"/>
</testsuite> <!-- Test -->
