<?xml version="1.0" encoding="UTF-8"?>
<testsuite xmlns:xsi="http://www.w3.org/2001/XMLSchema-instance" xsi:noNamespaceSchemaLocation="https://maven.apache.org/surefire/maven-surefire-plugin/xsd/surefire-test-report.xsd" name="TestSuite" time="58.618" tests="2" errors="0" skipped="0" failures="0">
  <properties>
[...]
</properties>
  <testcase name="AutomationPrcticeLoginPageTest" classname="com.May2022.qa.TestCases.AutomationPracticeLoginPageTest" time="7.945"/>
  <testcase name="automationPracticeRegistrationPageTest" classname="com.May2022.qa.TestCases.AutomationPracticeRegistrationPageTest" time="21.672"/>
</testsuite>