<?xml version="1.0" encoding="UTF-8"?>
<testng-results ignored="0" total="2" passed="2" failed="0" skipped="0">
  <reporter-output>
    <line>
      <![CDATA[VerifyAutomationPracticeSignInBtn]]>
    </line>
    <line>
      <![CDATA[VerifyAutomationPracticEmailTextField]]>
    </line>
    <line>
      <![CDATA[VerifyAutomationPracticPassTextField]]>
    </line>
    <line>
      <![CDATA[VerifyAutomationPracticForgotPassword]]>
    </line>
    <line>
      <![CDATA[VerifyAutomationPracticAccoountSignInBtn]]>
    </line>
    <line>
      <![CDATA[VerifyAutomationPrcticeSignButn]]>
    </line>
    <line>
      <![CDATA[VeryfyEmailTextField]]>
    </line>
    <line>
      <![CDATA[VerifycreateAccountButn]]>
    </line>
    <line>
      <![CDATA[VerifyMrRadioButton]]>
    </line>
    <line>
      <![CDATA[VerifyFirstameTextField]]>
    </line>
    <line>
      <![CDATA[VerifyLastNameTextField]]>
    </line>
    <line>
      <![CDATA[VerifyLastNameTextField]]>
    </line>
    <line>
      <![CDATA[VerifyPassWordTextField]]>
    </line>
    <line>
      <![CDATA[VeryDayDropDownList]]>
    </line>
    <line>
      <![CDATA[VeryfyMonthsDropDown]]>
    </line>
    <line>
      <![CDATA[VeryfyYearDropDown]]>
    </line>
    <line>
      <![CDATA[VerifyNewsLetterSelectBox]]>
    </line>
    <line>
      <![CDATA[VerifyCompanyTextField]]>
    </line>
    <line>
      <![CDATA[VerifyaddressTextFiElementld]]>
    </line>
    <line>
      <![CDATA[Verifyaddress2TextFiElementld]]>
    </line>
    <line>
      <![CDATA[VerifyCityTextField]]>
    </line>
  </reporter-output>
  <suite started-at="2022-10-09T21:52:36Z" name="Surefire suite" finished-at="2022-10-09T21:53:34Z" duration-ms="57886">
    <groups>
    </groups>
    <test started-at="2022-10-09T21:52:36Z" name="Surefire test" finished-at="2022-10-09T21:53:34Z" duration-ms="57886">
      <class name="com.May2022.qa.TestCases.AutomationPracticeLoginPageTest">
        <test-method is-config="true" signature="setUp()[pri:0, instance:com.May2022.qa.TestCases.AutomationPracticeLoginPageTest@dd8ba08]" started-at="2022-10-09T13:52:36Z" name="setUp" finished-at="2022-10-09T13:52:50Z" duration-ms="13973" status="PASS">
          <reporter-output>
          </reporter-output>
        </test-method> <!-- setUp -->
        <test-method signature="AutomationPrcticeLoginPageTest()[pri:0, instance:com.May2022.qa.TestCases.AutomationPracticeLoginPageTest@dd8ba08]" started-at="2022-10-09T13:52:50Z" name="AutomationPrcticeLoginPageTest" finished-at="2022-10-09T13:52:58Z" duration-ms="7919" status="PASS">
          <reporter-output>
            <line>
              <![CDATA[VerifyAutomationPracticeSignInBtn]]>
            </line>
            <line>
              <![CDATA[VerifyAutomationPracticEmailTextField]]>
            </line>
            <line>
              <![CDATA[VerifyAutomationPracticPassTextField]]>
            </line>
            <line>
              <![CDATA[VerifyAutomationPracticForgotPassword]]>
            </line>
            <line>
              <![CDATA[VerifyAutomationPracticAccoountSignInBtn]]>
            </line>
          </reporter-output>
        </test-method> <!-- AutomationPrcticeLoginPageTest -->
        <test-method is-config="true" signature="TearDown()[pri:0, instance:com.May2022.qa.TestCases.AutomationPracticeLoginPageTest@dd8ba08]" started-at="2022-10-09T13:52:58Z" name="TearDown" finished-at="2022-10-09T13:52:58Z" duration-ms="215" status="PASS">
          <reporter-output>
          </reporter-output>
        </test-method> <!-- TearDown -->
      </class> <!-- com.May2022.qa.TestCases.AutomationPracticeLoginPageTest -->
      <class name="com.May2022.qa.TestCases.AutomationPracticeRegistrationPageTest">
        <test-method is-config="true" signature="SetUp()[pri:0, instance:com.May2022.qa.TestCases.AutomationPracticeRegistrationPageTest@245b4bdc]" started-at="2022-10-09T13:52:58Z" name="SetUp" finished-at="2022-10-09T13:53:12Z" duration-ms="13860" status="PASS">
          <reporter-output>
          </reporter-output>
        </test-method> <!-- SetUp -->
        <test-method signature="automationPracticeRegistrationPageTest()[pri:0, instance:com.May2022.qa.TestCases.AutomationPracticeRegistrationPageTest@245b4bdc]" started-at="2022-10-09T13:53:12Z" name="automationPracticeRegistrationPageTest" finished-at="2022-10-09T13:53:34Z" duration-ms="21669" status="PASS">
          <reporter-output>
            <line>
              <![CDATA[VerifyAutomationPrcticeSignButn]]>
            </line>
            <line>
              <![CDATA[VeryfyEmailTextField]]>
            </line>
            <line>
              <![CDATA[VerifycreateAccountButn]]>
            </line>
            <line>
              <![CDATA[VerifyMrRadioButton]]>
            </line>
            <line>
              <![CDATA[VerifyFirstameTextField]]>
            </line>
            <line>
              <![CDATA[VerifyLastNameTextField]]>
            </line>
            <line>
              <![CDATA[VerifyLastNameTextField]]>
            </line>
            <line>
              <![CDATA[VerifyPassWordTextField]]>
            </line>
            <line>
              <![CDATA[VeryDayDropDownList]]>
            </line>
            <line>
              <![CDATA[VeryfyMonthsDropDown]]>
            </line>
            <line>
              <![CDATA[VeryfyYearDropDown]]>
            </line>
            <line>
              <![CDATA[VerifyNewsLetterSelectBox]]>
            </line>
            <line>
              <![CDATA[VerifyCompanyTextField]]>
            </line>
            <line>
              <![CDATA[VerifyaddressTextFiElementld]]>
            </line>
            <line>
              <![CDATA[Verifyaddress2TextFiElementld]]>
            </line>
            <line>
              <![CDATA[VerifyCityTextField]]>
            </line>
          </reporter-output>
        </test-method> <!-- automationPracticeRegistrationPageTest -->
        <test-method is-config="true" signature="tearDown()[pri:0, instance:com.May2022.qa.TestCases.AutomationPracticeRegistrationPageTest@245b4bdc]" started-at="2022-10-09T13:53:34Z" name="tearDown" finished-at="2022-10-09T13:53:34Z" duration-ms="225" status="PASS">
          <reporter-output>
          </reporter-output>
        </test-method> <!-- tearDown -->
      </class> <!-- com.May2022.qa.TestCases.AutomationPracticeRegistrationPageTest -->
    </test> <!-- Surefire test -->
  </suite> <!-- Surefire suite -->
</testng-results>
